C:\Users\vincentTE\Desktop\Depot\Rtype\CreateMonsterFirstTypeDLL\CreateMonsterFirstTypeDLL\Debug\cl.command.1.tlog
C:\Users\vincentTE\Desktop\Depot\Rtype\CreateMonsterFirstTypeDLL\CreateMonsterFirstTypeDLL\Debug\CL.read.1.tlog
C:\Users\vincentTE\Desktop\Depot\Rtype\CreateMonsterFirstTypeDLL\CreateMonsterFirstTypeDLL\Debug\CL.write.1.tlog
C:\USERS\VINCENTTE\DESKTOP\DEPOT\RTYPE\CREATEMONSTERFIRSTTYPEDLL\CREATEMONSTERFIRSTTYPEDLL\DEBUG\CREATEMONSTERFIRSTTYPEDLL.DLL.EMBED.MANIFEST
C:\USERS\VINCENTTE\DESKTOP\DEPOT\RTYPE\CREATEMONSTERFIRSTTYPEDLL\CREATEMONSTERFIRSTTYPEDLL\DEBUG\CREATEMONSTERFIRSTTYPEDLL.DLL.EMBED.MANIFEST.RES
C:\USERS\VINCENTTE\DESKTOP\DEPOT\RTYPE\CREATEMONSTERFIRSTTYPEDLL\CREATEMONSTERFIRSTTYPEDLL\DEBUG\CREATEMONSTERFIRSTTYPEDLL.DLL.INTERMEDIATE.MANIFEST
C:\Users\vincentTE\Desktop\Depot\Rtype\CreateMonsterFirstTypeDLL\CreateMonsterFirstTypeDLL\Debug\CreateMonsterFirstTypeDLL.write.1.tlog
C:\Users\vincentTE\Desktop\Depot\Rtype\CreateMonsterFirstTypeDLL\CreateMonsterFirstTypeDLL\Debug\CreateMonsterFirstTypeDLL_manifest.rc
C:\Users\vincentTE\Desktop\Depot\Rtype\CreateMonsterFirstTypeDLL\CreateMonsterFirstTypeDLL\Debug\link.7148.read.1.tlog
C:\Users\vincentTE\Desktop\Depot\Rtype\CreateMonsterFirstTypeDLL\CreateMonsterFirstTypeDLL\Debug\link.7148.write.1.tlog
C:\Users\vincentTE\Desktop\Depot\Rtype\CreateMonsterFirstTypeDLL\CreateMonsterFirstTypeDLL\Debug\link.7148-cvtres.read.1.tlog
C:\Users\vincentTE\Desktop\Depot\Rtype\CreateMonsterFirstTypeDLL\CreateMonsterFirstTypeDLL\Debug\link.7148-cvtres.write.1.tlog
C:\Users\vincentTE\Desktop\Depot\Rtype\CreateMonsterFirstTypeDLL\CreateMonsterFirstTypeDLL\Debug\link.command.1.tlog
C:\Users\vincentTE\Desktop\Depot\Rtype\CreateMonsterFirstTypeDLL\CreateMonsterFirstTypeDLL\Debug\link.read.1.tlog
C:\Users\vincentTE\Desktop\Depot\Rtype\CreateMonsterFirstTypeDLL\CreateMonsterFirstTypeDLL\Debug\link.write.1.tlog
C:\Users\vincentTE\Desktop\Depot\Rtype\CreateMonsterFirstTypeDLL\CreateMonsterFirstTypeDLL\Debug\link-cvtres.read.1.tlog
C:\Users\vincentTE\Desktop\Depot\Rtype\CreateMonsterFirstTypeDLL\CreateMonsterFirstTypeDLL\Debug\link-cvtres.write.1.tlog
C:\USERS\VINCENTTE\DESKTOP\DEPOT\RTYPE\CREATEMONSTERFIRSTTYPEDLL\CREATEMONSTERFIRSTTYPEDLL\DEBUG\MONSTERFIRSTTYPE.OBJ
C:\Users\vincentTE\Desktop\Depot\Rtype\CreateMonsterFirstTypeDLL\CreateMonsterFirstTypeDLL\Debug\mt.command.1.tlog
C:\Users\vincentTE\Desktop\Depot\Rtype\CreateMonsterFirstTypeDLL\CreateMonsterFirstTypeDLL\Debug\mt.read.1.tlog
C:\Users\vincentTE\Desktop\Depot\Rtype\CreateMonsterFirstTypeDLL\CreateMonsterFirstTypeDLL\Debug\mt.write.1.tlog
C:\Users\vincentTE\Desktop\Depot\Rtype\CreateMonsterFirstTypeDLL\CreateMonsterFirstTypeDLL\Debug\rc.command.1.tlog
C:\Users\vincentTE\Desktop\Depot\Rtype\CreateMonsterFirstTypeDLL\CreateMonsterFirstTypeDLL\Debug\rc.read.1.tlog
C:\Users\vincentTE\Desktop\Depot\Rtype\CreateMonsterFirstTypeDLL\CreateMonsterFirstTypeDLL\Debug\rc.write.1.tlog
C:\Users\vincentTE\Desktop\Depot\Rtype\CreateMonsterFirstTypeDLL\CreateMonsterFirstTypeDLL\Debug\vc100.idb
C:\USERS\VINCENTTE\DESKTOP\DEPOT\RTYPE\CREATEMONSTERFIRSTTYPEDLL\CREATEMONSTERFIRSTTYPEDLL\DEBUG\VC100.PDB
C:\USERS\VINCENTTE\DESKTOP\DEPOT\RTYPE\CREATEMONSTERFIRSTTYPEDLL\DEBUG\CREATEMONSTERFIRSTTYPEDLL.DLL
C:\Users\vincentTE\Desktop\Depot\Rtype\CreateMonsterFirstTypeDLL\Debug\CreateMonsterFirstTypeDLL.exp
C:\USERS\VINCENTTE\DESKTOP\DEPOT\RTYPE\CREATEMONSTERFIRSTTYPEDLL\DEBUG\CREATEMONSTERFIRSTTYPEDLL.ILK
C:\Users\vincentTE\Desktop\Depot\Rtype\CreateMonsterFirstTypeDLL\Debug\CreateMonsterFirstTypeDLL.lib
C:\USERS\VINCENTTE\DESKTOP\DEPOT\RTYPE\CREATEMONSTERFIRSTTYPEDLL\DEBUG\CREATEMONSTERFIRSTTYPEDLL.PDB
