Build started 1/18/2012 7:58:26 PM.
     1>Project "C:\Users\xMalloc\Desktop\R-Type\Project\Project\R-Type\Rtype\CreateMonsterFirstTypeDLL\CreateMonsterFirstTypeDLL\CreateMonsterFirstTypeDLL.vcxproj" on node 2 (rebuild target(s)).
     1>_PrepareForClean:
         Deleting file "Debug\CreateMonsterFirstTypeDLL.lastbuildstate".
       InitializeBuildStatus:
         Creating "Debug\CreateMonsterFirstTypeDLL.unsuccessfulbuild" because "AlwaysCreate" was specified.
       ClCompile:
         c:\Program Files (x86)\Microsoft Visual Studio 10.0\VC\bin\CL.exe /c /ZI /nologo /W3 /WX- /Od /Oy- /D WIN32 /D _DEBUG /D _WINDOWS /D _USRDLL /D CREATEMONSTERFIRSTTYPEDLL_EXPORTS /D _WINDLL /D _UNICODE /D UNICODE /Gm /EHsc /RTC1 /MDd /GS /fp:precise /Zc:wchar_t /Zc:forScope /Fo"Debug\\" /Fd"Debug\vc100.pdb" /Gd /TP /analyze- /errorReport:prompt MonsterFirstType.cpp
         MonsterFirstType.cpp
     1>c:\users\xmalloc\desktop\r-type\project\project\r-type\rtype\createmonsterfirsttypedll\createmonsterfirsttypedll\monsterfirsttype.cpp(8): warning C4244: 'argument' : conversion from 'time_t' to 'unsigned int', possible loss of data
       ManifestResourceCompile:
         C:\Program Files (x86)\Microsoft SDKs\Windows\v7.0A\bin\rc.exe /nologo /fo"Debug\CreateMonsterFirstTypeDLL.dll.embed.manifest.res" Debug\CreateMonsterFirstTypeDLL_manifest.rc 
       Link:
         c:\Program Files (x86)\Microsoft Visual Studio 10.0\VC\bin\link.exe /ERRORREPORT:PROMPT /OUT:"C:\Users\xMalloc\Desktop\R-Type\Project\Project\R-Type\Rtype\CreateMonsterFirstTypeDLL\Debug\CreateMonsterFirstTypeDLL.dll" /INCREMENTAL /NOLOGO kernel32.lib user32.lib gdi32.lib winspool.lib comdlg32.lib advapi32.lib shell32.lib ole32.lib oleaut32.lib uuid.lib odbc32.lib odbccp32.lib /MANIFEST /ManifestFile:"Debug\CreateMonsterFirstTypeDLL.dll.intermediate.manifest" /MANIFESTUAC:"level='asInvoker' uiAccess='false'" /DEBUG /PDB:"C:\Users\xMalloc\Desktop\R-Type\Project\Project\R-Type\Rtype\CreateMonsterFirstTypeDLL\Debug\CreateMonsterFirstTypeDLL.pdb" /SUBSYSTEM:WINDOWS /TLBID:1 /DYNAMICBASE /NXCOMPAT /IMPLIB:"C:\Users\xMalloc\Desktop\R-Type\Project\Project\R-Type\Rtype\CreateMonsterFirstTypeDLL\Debug\CreateMonsterFirstTypeDLL.lib" /MACHINE:X86 /DLL Debug\CreateMonsterFirstTypeDLL.dll.embed.manifest.res
         Debug\MonsterFirstType.obj
            Creating library C:\Users\xMalloc\Desktop\R-Type\Project\Project\R-Type\Rtype\CreateMonsterFirstTypeDLL\Debug\CreateMonsterFirstTypeDLL.lib and object C:\Users\xMalloc\Desktop\R-Type\Project\Project\R-Type\Rtype\CreateMonsterFirstTypeDLL\Debug\CreateMonsterFirstTypeDLL.exp
       Manifest:
         Deleting file "Debug\CreateMonsterFirstTypeDLL.dll.embed.manifest".
         C:\Program Files (x86)\Microsoft SDKs\Windows\v7.0A\bin\mt.exe /nologo /verbose /out:"Debug\CreateMonsterFirstTypeDLL.dll.embed.manifest" /manifest Debug\CreateMonsterFirstTypeDLL.dll.intermediate.manifest
         C:\Program Files (x86)\Microsoft SDKs\Windows\v7.0A\bin\rc.exe /nologo /fo"Debug\CreateMonsterFirstTypeDLL.dll.embed.manifest.res" Debug\CreateMonsterFirstTypeDLL_manifest.rc 
       LinkEmbedManifest:
         c:\Program Files (x86)\Microsoft Visual Studio 10.0\VC\bin\link.exe /ERRORREPORT:PROMPT /OUT:"C:\Users\xMalloc\Desktop\R-Type\Project\Project\R-Type\Rtype\CreateMonsterFirstTypeDLL\Debug\CreateMonsterFirstTypeDLL.dll" /INCREMENTAL /NOLOGO kernel32.lib user32.lib gdi32.lib winspool.lib comdlg32.lib advapi32.lib shell32.lib ole32.lib oleaut32.lib uuid.lib odbc32.lib odbccp32.lib /MANIFEST /ManifestFile:"Debug\CreateMonsterFirstTypeDLL.dll.intermediate.manifest" /MANIFESTUAC:"level='asInvoker' uiAccess='false'" /DEBUG /PDB:"C:\Users\xMalloc\Desktop\R-Type\Project\Project\R-Type\Rtype\CreateMonsterFirstTypeDLL\Debug\CreateMonsterFirstTypeDLL.pdb" /SUBSYSTEM:WINDOWS /TLBID:1 /DYNAMICBASE /NXCOMPAT /IMPLIB:"C:\Users\xMalloc\Desktop\R-Type\Project\Project\R-Type\Rtype\CreateMonsterFirstTypeDLL\Debug\CreateMonsterFirstTypeDLL.lib" /MACHINE:X86 /DLL Debug\CreateMonsterFirstTypeDLL.dll.embed.manifest.res
         Debug\MonsterFirstType.obj
            Creating library C:\Users\xMalloc\Desktop\R-Type\Project\Project\R-Type\Rtype\CreateMonsterFirstTypeDLL\Debug\CreateMonsterFirstTypeDLL.lib and object C:\Users\xMalloc\Desktop\R-Type\Project\Project\R-Type\Rtype\CreateMonsterFirstTypeDLL\Debug\CreateMonsterFirstTypeDLL.exp
         CreateMonsterFirstTypeDLL.vcxproj -> C:\Users\xMalloc\Desktop\R-Type\Project\Project\R-Type\Rtype\CreateMonsterFirstTypeDLL\Debug\CreateMonsterFirstTypeDLL.dll
       FinalizeBuildStatus:
         Deleting file "Debug\CreateMonsterFirstTypeDLL.unsuccessfulbuild".
         Touching "Debug\CreateMonsterFirstTypeDLL.lastbuildstate".
     1>Done Building Project "C:\Users\xMalloc\Desktop\R-Type\Project\Project\R-Type\Rtype\CreateMonsterFirstTypeDLL\CreateMonsterFirstTypeDLL\CreateMonsterFirstTypeDLL.vcxproj" (rebuild target(s)).

Build succeeded.

Time Elapsed 00:00:01.48
