Build started 14/01/2012 15:48:23.
     1>Project "C:\Users\vincentTE\Desktop\Abstract\creatdll\creatdll.vcxproj" on node 2 (rebuild target(s)).
     1>_PrepareForClean:
         Deleting file "Debug\creatdll.lastbuildstate".
       InitializeBuildStatus:
         Touching "Debug\creatdll.unsuccessfulbuild".
       ClCompile:
         D:\Program Files (x86)\Microsoft Visual Studio 10.0\VC\bin\CL.exe /c /ZI /nologo /W3 /WX- /Od /Oy- /D WIN32 /D _DEBUG /D _WINDOWS /D _USRDLL /D CREATDLL_EXPORTS /D _WINDLL /D _UNICODE /D UNICODE /Gm /EHsc /RTC1 /MDd /GS /fp:precise /Zc:wchar_t /Zc:forScope /Fo"Debug\\" /Fd"Debug\vc100.pdb" /Gd /TP /analyze- /errorReport:prompt ..\Abstract\DLLTutorial.cpp Monster.cpp MonsterFirstType.cpp
         MonsterFirstType.cpp
         Monster.cpp
         DLLTutorial.cpp
         Generating Code...
       ManifestResourceCompile:
         C:\Program Files (x86)\Microsoft SDKs\Windows\v7.0A\bin\rc.exe /nologo /fo"Debug\creatdll.dll.embed.manifest.res" Debug\creatdll_manifest.rc 
       Link:
         D:\Program Files (x86)\Microsoft Visual Studio 10.0\VC\bin\link.exe /ERRORREPORT:PROMPT /OUT:"C:\Users\vincentTE\Desktop\Abstract\Debug\creatdll.dll" /INCREMENTAL /NOLOGO kernel32.lib user32.lib gdi32.lib winspool.lib comdlg32.lib advapi32.lib shell32.lib ole32.lib oleaut32.lib uuid.lib odbc32.lib odbccp32.lib /MANIFEST /ManifestFile:"Debug\creatdll.dll.intermediate.manifest" /MANIFESTUAC:"level='asInvoker' uiAccess='false'" /DEBUG /PDB:"C:\Users\vincentTE\Desktop\Abstract\Debug\creatdll.pdb" /SUBSYSTEM:WINDOWS /TLBID:1 /DYNAMICBASE /NXCOMPAT /IMPLIB:"C:\Users\vincentTE\Desktop\Abstract\Debug\creatdll.lib" /MACHINE:X86 /DLL Debug\creatdll.dll.embed.manifest.res
         Debug\DLLTutorial.obj
         Debug\Monster.obj
         Debug\MonsterFirstType.obj
            Creating library C:\Users\vincentTE\Desktop\Abstract\Debug\creatdll.lib and object C:\Users\vincentTE\Desktop\Abstract\Debug\creatdll.exp
       Manifest:
         Deleting file "Debug\creatdll.dll.embed.manifest".
         C:\Program Files (x86)\Microsoft SDKs\Windows\v7.0A\bin\mt.exe /nologo /verbose /out:"Debug\creatdll.dll.embed.manifest" /manifest Debug\creatdll.dll.intermediate.manifest
         C:\Program Files (x86)\Microsoft SDKs\Windows\v7.0A\bin\rc.exe /nologo /fo"Debug\creatdll.dll.embed.manifest.res" Debug\creatdll_manifest.rc 
       LinkEmbedManifest:
         D:\Program Files (x86)\Microsoft Visual Studio 10.0\VC\bin\link.exe /ERRORREPORT:PROMPT /OUT:"C:\Users\vincentTE\Desktop\Abstract\Debug\creatdll.dll" /INCREMENTAL /NOLOGO kernel32.lib user32.lib gdi32.lib winspool.lib comdlg32.lib advapi32.lib shell32.lib ole32.lib oleaut32.lib uuid.lib odbc32.lib odbccp32.lib /MANIFEST /ManifestFile:"Debug\creatdll.dll.intermediate.manifest" /MANIFESTUAC:"level='asInvoker' uiAccess='false'" /DEBUG /PDB:"C:\Users\vincentTE\Desktop\Abstract\Debug\creatdll.pdb" /SUBSYSTEM:WINDOWS /TLBID:1 /DYNAMICBASE /NXCOMPAT /IMPLIB:"C:\Users\vincentTE\Desktop\Abstract\Debug\creatdll.lib" /MACHINE:X86 /DLL Debug\creatdll.dll.embed.manifest.res
         Debug\DLLTutorial.obj
         Debug\Monster.obj
         Debug\MonsterFirstType.obj
            Creating library C:\Users\vincentTE\Desktop\Abstract\Debug\creatdll.lib and object C:\Users\vincentTE\Desktop\Abstract\Debug\creatdll.exp
         creatdll.vcxproj -> C:\Users\vincentTE\Desktop\Abstract\Debug\creatdll.dll
       FinalizeBuildStatus:
         Deleting file "Debug\creatdll.unsuccessfulbuild".
         Touching "Debug\creatdll.lastbuildstate".
     1>Done Building Project "C:\Users\vincentTE\Desktop\Abstract\creatdll\creatdll.vcxproj" (rebuild target(s)).

Build succeeded.

Time Elapsed 00:00:03.36
