C:\Users\vincentTE\Desktop\Abstract\creatdll\Debug\cl.command.1.tlog
C:\Users\vincentTE\Desktop\Abstract\creatdll\Debug\CL.read.1.tlog
C:\Users\vincentTE\Desktop\Abstract\creatdll\Debug\CL.write.1.tlog
C:\Users\vincentTE\Desktop\Abstract\creatdll\Debug\creatdll.dll.embed.manifest
C:\USERS\VINCENTTE\DESKTOP\ABSTRACT\CREATDLL\DEBUG\CREATDLL.DLL.EMBED.MANIFEST.RES
C:\Users\vincentTE\Desktop\Abstract\creatdll\Debug\creatdll.dll.intermediate.manifest
C:\Users\vincentTE\Desktop\Abstract\creatdll\Debug\creatdll_manifest.rc
C:\USERS\VINCENTTE\DESKTOP\ABSTRACT\CREATDLL\DEBUG\DLLTUTORIAL.OBJ
C:\Users\vincentTE\Desktop\Abstract\creatdll\Debug\link.command.1.tlog
C:\Users\vincentTE\Desktop\Abstract\creatdll\Debug\link.read.1.tlog
C:\Users\vincentTE\Desktop\Abstract\creatdll\Debug\link.write.1.tlog
C:\Users\vincentTE\Desktop\Abstract\creatdll\Debug\link-cvtres.read.1.tlog
C:\Users\vincentTE\Desktop\Abstract\creatdll\Debug\link-cvtres.write.1.tlog
C:\USERS\VINCENTTE\DESKTOP\ABSTRACT\CREATDLL\DEBUG\MONSTER.OBJ
C:\USERS\VINCENTTE\DESKTOP\ABSTRACT\CREATDLL\DEBUG\MONSTERFIRSTTYPE.OBJ
C:\Users\vincentTE\Desktop\Abstract\creatdll\Debug\rc.command.1.tlog
C:\Users\vincentTE\Desktop\Abstract\creatdll\Debug\rc.read.1.tlog
C:\Users\vincentTE\Desktop\Abstract\creatdll\Debug\rc.write.1.tlog
C:\Users\vincentTE\Desktop\Abstract\creatdll\Debug\vc100.idb
C:\USERS\VINCENTTE\DESKTOP\ABSTRACT\CREATDLL\DEBUG\VC100.PDB
C:\Users\vincentTE\Desktop\Abstract\Debug\creatdll.pdb
