Build started 1/18/2012 9:07:08 PM.
     1>Project "C:\Users\xMalloc\Desktop\R-Type\Project\Project\R-Type\Rtype\Server\R-Type\R-Type\R-Type\R-Type.vcxproj" on node 2 (build target(s)).
     1>InitializeBuildStatus:
         Creating "Debug\R-Type.unsuccessfulbuild" because "AlwaysCreate" was specified.
       ClCompile:
         c:\Program Files (x86)\Microsoft Visual Studio 10.0\VC\bin\CL.exe /c /ZI /nologo /W3 /WX- /Od /Oy- /D _MBCS /Gm /EHsc /RTC1 /MDd /GS /fp:precise /Zc:wchar_t /Zc:forScope /Fo"Debug\\" /Fd"Debug\vc100.pdb" /Gd /TP /analyze- /errorReport:prompt Command.cpp
         Command.cpp
       Link:
         c:\Program Files (x86)\Microsoft Visual Studio 10.0\VC\bin\link.exe /ERRORREPORT:PROMPT /OUT:"C:\Users\xMalloc\Desktop\R-Type\Project\Project\R-Type\Rtype\Server\R-Type\R-Type\Debug\R-Type.exe" /NOLOGO kernel32.lib user32.lib gdi32.lib winspool.lib comdlg32.lib advapi32.lib shell32.lib ole32.lib oleaut32.lib uuid.lib odbc32.lib odbccp32.lib /MANIFEST /ManifestFile:"Debug\R-Type.exe.intermediate.manifest" /MANIFESTUAC:"level='asInvoker' uiAccess='false'" /DEBUG /PDB:"C:\Users\xMalloc\Desktop\R-Type\Project\Project\R-Type\Rtype\Server\R-Type\R-Type\Debug\R-Type.pdb" /TLBID:1 /DYNAMICBASE /NXCOMPAT /IMPLIB:"C:\Users\xMalloc\Desktop\R-Type\Project\Project\R-Type\Rtype\Server\R-Type\R-Type\Debug\R-Type.lib" /MACHINE:X86 Debug\AutoMutex.obj
         Debug\Command.obj
         Debug\LinuxDynLib.obj
         Debug\WindowsDynLib.obj
         Debug\Game.obj
         Debug\main.obj
         Debug\Player.obj
         Debug\Server.obj
         Debug\UnixSocket.obj
         Debug\WinSocket.obj
         Debug\ThreadPool_.obj
         Debug\UnixMutex.obj
         Debug\UnixThread.obj
         Debug\WinMutex.obj
         Debug\WinThread.obj
         LINK : C:\Users\xMalloc\Desktop\R-Type\Project\Project\R-Type\Rtype\Server\R-Type\R-Type\Debug\R-Type.exe not found or not built by the last incremental link; performing full link
         R-Type.vcxproj -> C:\Users\xMalloc\Desktop\R-Type\Project\Project\R-Type\Rtype\Server\R-Type\R-Type\Debug\R-Type.exe
       Manifest:
         C:\Program Files (x86)\Microsoft SDKs\Windows\v7.0A\bin\mt.exe /nologo /verbose /outputresource:"C:\Users\xMalloc\Desktop\R-Type\Project\Project\R-Type\Rtype\Server\R-Type\R-Type\Debug\R-Type.exe;#1" /manifest "Debug\R-Type.exe.intermediate.manifest"
       FinalizeBuildStatus:
         Deleting file "Debug\R-Type.unsuccessfulbuild".
         Touching "Debug\R-Type.lastbuildstate".
     1>Done Building Project "C:\Users\xMalloc\Desktop\R-Type\Project\Project\R-Type\Rtype\Server\R-Type\R-Type\R-Type\R-Type.vcxproj" (build target(s)).

Build succeeded.

Time Elapsed 00:00:02.05
