I:\PROJET EPITECH\RTYPE\SERVEUR\V2.2\R-TYPE\R-TYPE\DEBUG\R-TYPE.EXE
I:\PROJET EPITECH\RTYPE\SERVEUR\V2.2\R-TYPE\R-TYPE\DEBUG\R-TYPE.ILK
I:\PROJET EPITECH\RTYPE\SERVEUR\V2.2\R-TYPE\R-TYPE\DEBUG\R-TYPE.PDB
I:\Projet Epitech\RType\serveur\v2.2\R-Type\R-Type\R-Type\Debug\cl.command.1.tlog
I:\Projet Epitech\RType\serveur\v2.2\R-Type\R-Type\R-Type\Debug\CL.read.1.tlog
I:\Projet Epitech\RType\serveur\v2.2\R-Type\R-Type\R-Type\Debug\CL.write.1.tlog
I:\PROJET EPITECH\RTYPE\SERVEUR\V2.2\R-TYPE\R-TYPE\R-TYPE\DEBUG\COMMAND.OBJ
I:\PROJET EPITECH\RTYPE\SERVEUR\V2.2\R-TYPE\R-TYPE\R-TYPE\DEBUG\GAME.OBJ
I:\Projet Epitech\RType\serveur\v2.2\R-Type\R-Type\R-Type\Debug\link.command.1.tlog
I:\Projet Epitech\RType\serveur\v2.2\R-Type\R-Type\R-Type\Debug\link.read.1.tlog
I:\Projet Epitech\RType\serveur\v2.2\R-Type\R-Type\R-Type\Debug\link.write.1.tlog
I:\PROJET EPITECH\RTYPE\SERVEUR\V2.2\R-TYPE\R-TYPE\R-TYPE\DEBUG\MAIN.OBJ
I:\Projet Epitech\RType\serveur\v2.2\R-Type\R-Type\R-Type\Debug\mt.command.1.tlog
I:\Projet Epitech\RType\serveur\v2.2\R-Type\R-Type\R-Type\Debug\mt.read.1.tlog
I:\Projet Epitech\RType\serveur\v2.2\R-Type\R-Type\R-Type\Debug\mt.write.1.tlog
I:\PROJET EPITECH\RTYPE\SERVEUR\V2.2\R-TYPE\R-TYPE\R-TYPE\DEBUG\PLAYER.OBJ
I:\PROJET EPITECH\RTYPE\SERVEUR\V2.2\R-TYPE\R-TYPE\R-TYPE\DEBUG\R-TYPE.EXE.INTERMEDIATE.MANIFEST
I:\PROJET EPITECH\RTYPE\SERVEUR\V2.2\R-TYPE\R-TYPE\R-TYPE\DEBUG\SERVER.OBJ
I:\PROJET EPITECH\RTYPE\SERVEUR\V2.2\R-TYPE\R-TYPE\R-TYPE\DEBUG\UNIXMUTEX.OBJ
I:\PROJET EPITECH\RTYPE\SERVEUR\V2.2\R-TYPE\R-TYPE\R-TYPE\DEBUG\UNIXSOCKET.OBJ
I:\PROJET EPITECH\RTYPE\SERVEUR\V2.2\R-TYPE\R-TYPE\R-TYPE\DEBUG\UNIXTHREAD.OBJ
I:\Projet Epitech\RType\serveur\v2.2\R-Type\R-Type\R-Type\Debug\vc100.idb
I:\PROJET EPITECH\RTYPE\SERVEUR\V2.2\R-TYPE\R-TYPE\R-TYPE\DEBUG\VC100.PDB
I:\PROJET EPITECH\RTYPE\SERVEUR\V2.2\R-TYPE\R-TYPE\R-TYPE\DEBUG\WINMUTEX.OBJ
I:\PROJET EPITECH\RTYPE\SERVEUR\V2.2\R-TYPE\R-TYPE\R-TYPE\DEBUG\WINSOCKET.OBJ
I:\PROJET EPITECH\RTYPE\SERVEUR\V2.2\R-TYPE\R-TYPE\R-TYPE\DEBUG\WINTHREAD.OBJ
