C:\Users\vincentTE\Desktop\Depot\Rtype\CreateMonsterSecondType\CreateMonsterSecondType\Debug\cl.command.1.tlog
C:\Users\vincentTE\Desktop\Depot\Rtype\CreateMonsterSecondType\CreateMonsterSecondType\Debug\CL.read.1.tlog
C:\Users\vincentTE\Desktop\Depot\Rtype\CreateMonsterSecondType\CreateMonsterSecondType\Debug\CL.write.1.tlog
C:\USERS\VINCENTTE\DESKTOP\DEPOT\RTYPE\CREATEMONSTERSECONDTYPE\CREATEMONSTERSECONDTYPE\DEBUG\CREATEMONSTERSECONDTYPE.DLL.EMBED.MANIFEST
C:\USERS\VINCENTTE\DESKTOP\DEPOT\RTYPE\CREATEMONSTERSECONDTYPE\CREATEMONSTERSECONDTYPE\DEBUG\CREATEMONSTERSECONDTYPE.DLL.EMBED.MANIFEST.RES
C:\USERS\VINCENTTE\DESKTOP\DEPOT\RTYPE\CREATEMONSTERSECONDTYPE\CREATEMONSTERSECONDTYPE\DEBUG\CREATEMONSTERSECONDTYPE.DLL.INTERMEDIATE.MANIFEST
C:\Users\vincentTE\Desktop\Depot\Rtype\CreateMonsterSecondType\CreateMonsterSecondType\Debug\CreateMonsterSecondType.write.1.tlog
C:\Users\vincentTE\Desktop\Depot\Rtype\CreateMonsterSecondType\CreateMonsterSecondType\Debug\CreateMonsterSecondType_manifest.rc
C:\Users\vincentTE\Desktop\Depot\Rtype\CreateMonsterSecondType\CreateMonsterSecondType\Debug\link.4564.read.1.tlog
C:\Users\vincentTE\Desktop\Depot\Rtype\CreateMonsterSecondType\CreateMonsterSecondType\Debug\link.4564.write.1.tlog
C:\Users\vincentTE\Desktop\Depot\Rtype\CreateMonsterSecondType\CreateMonsterSecondType\Debug\link.4564-cvtres.read.1.tlog
C:\Users\vincentTE\Desktop\Depot\Rtype\CreateMonsterSecondType\CreateMonsterSecondType\Debug\link.4564-cvtres.write.1.tlog
C:\Users\vincentTE\Desktop\Depot\Rtype\CreateMonsterSecondType\CreateMonsterSecondType\Debug\link.command.1.tlog
C:\Users\vincentTE\Desktop\Depot\Rtype\CreateMonsterSecondType\CreateMonsterSecondType\Debug\link.read.1.tlog
C:\Users\vincentTE\Desktop\Depot\Rtype\CreateMonsterSecondType\CreateMonsterSecondType\Debug\link.write.1.tlog
C:\Users\vincentTE\Desktop\Depot\Rtype\CreateMonsterSecondType\CreateMonsterSecondType\Debug\link-cvtres.read.1.tlog
C:\Users\vincentTE\Desktop\Depot\Rtype\CreateMonsterSecondType\CreateMonsterSecondType\Debug\link-cvtres.write.1.tlog
C:\USERS\VINCENTTE\DESKTOP\DEPOT\RTYPE\CREATEMONSTERSECONDTYPE\CREATEMONSTERSECONDTYPE\DEBUG\MONSTERSECONDTYPE.OBJ
C:\Users\vincentTE\Desktop\Depot\Rtype\CreateMonsterSecondType\CreateMonsterSecondType\Debug\mt.command.1.tlog
C:\Users\vincentTE\Desktop\Depot\Rtype\CreateMonsterSecondType\CreateMonsterSecondType\Debug\mt.read.1.tlog
C:\Users\vincentTE\Desktop\Depot\Rtype\CreateMonsterSecondType\CreateMonsterSecondType\Debug\mt.write.1.tlog
C:\Users\vincentTE\Desktop\Depot\Rtype\CreateMonsterSecondType\CreateMonsterSecondType\Debug\rc.command.1.tlog
C:\Users\vincentTE\Desktop\Depot\Rtype\CreateMonsterSecondType\CreateMonsterSecondType\Debug\rc.read.1.tlog
C:\Users\vincentTE\Desktop\Depot\Rtype\CreateMonsterSecondType\CreateMonsterSecondType\Debug\rc.write.1.tlog
C:\Users\vincentTE\Desktop\Depot\Rtype\CreateMonsterSecondType\CreateMonsterSecondType\Debug\vc100.idb
C:\USERS\VINCENTTE\DESKTOP\DEPOT\RTYPE\CREATEMONSTERSECONDTYPE\CREATEMONSTERSECONDTYPE\DEBUG\VC100.PDB
C:\USERS\VINCENTTE\DESKTOP\DEPOT\RTYPE\CREATEMONSTERSECONDTYPE\DEBUG\CREATEMONSTERSECONDTYPE.DLL
C:\Users\vincentTE\Desktop\Depot\Rtype\CreateMonsterSecondType\Debug\CreateMonsterSecondType.exp
C:\USERS\VINCENTTE\DESKTOP\DEPOT\RTYPE\CREATEMONSTERSECONDTYPE\DEBUG\CREATEMONSTERSECONDTYPE.ILK
C:\Users\vincentTE\Desktop\Depot\Rtype\CreateMonsterSecondType\Debug\CreateMonsterSecondType.lib
C:\USERS\VINCENTTE\DESKTOP\DEPOT\RTYPE\CREATEMONSTERSECONDTYPE\DEBUG\CREATEMONSTERSECONDTYPE.PDB
