C:\Users\vincentTE\Desktop\Abstract\Abstract\Debug\Abstract.exe.embed.manifest
C:\USERS\VINCENTTE\DESKTOP\ABSTRACT\ABSTRACT\DEBUG\ABSTRACT.EXE.EMBED.MANIFEST.RES
C:\USERS\VINCENTTE\DESKTOP\ABSTRACT\ABSTRACT\DEBUG\ABSTRACT.EXE.INTERMEDIATE.MANIFEST
C:\Users\vincentTE\Desktop\Abstract\Abstract\Debug\Abstract_manifest.rc
C:\Users\vincentTE\Desktop\Abstract\Abstract\Debug\cl.command.1.tlog
C:\Users\vincentTE\Desktop\Abstract\Abstract\Debug\CL.read.1.tlog
C:\Users\vincentTE\Desktop\Abstract\Abstract\Debug\CL.write.1.tlog
C:\Users\vincentTE\Desktop\Abstract\Abstract\Debug\link.4676.read.1.tlog
C:\Users\vincentTE\Desktop\Abstract\Abstract\Debug\link.4676.write.1.tlog
C:\Users\vincentTE\Desktop\Abstract\Abstract\Debug\link.4676-cvtres.read.1.tlog
C:\Users\vincentTE\Desktop\Abstract\Abstract\Debug\link.4676-cvtres.write.1.tlog
C:\Users\vincentTE\Desktop\Abstract\Abstract\Debug\link.7936.read.1.tlog
C:\Users\vincentTE\Desktop\Abstract\Abstract\Debug\link.7936.write.1.tlog
C:\Users\vincentTE\Desktop\Abstract\Abstract\Debug\link.7936-cvtres.read.1.tlog
C:\Users\vincentTE\Desktop\Abstract\Abstract\Debug\link.7936-cvtres.write.1.tlog
C:\Users\vincentTE\Desktop\Abstract\Abstract\Debug\link.command.1.tlog
C:\Users\vincentTE\Desktop\Abstract\Abstract\Debug\link.read.1.tlog
C:\Users\vincentTE\Desktop\Abstract\Abstract\Debug\link.write.1.tlog
C:\Users\vincentTE\Desktop\Abstract\Abstract\Debug\link-cvtres.read.1.tlog
C:\Users\vincentTE\Desktop\Abstract\Abstract\Debug\link-cvtres.write.1.tlog
C:\USERS\VINCENTTE\DESKTOP\ABSTRACT\ABSTRACT\DEBUG\LINUXDYNLIB.OBJ
C:\USERS\VINCENTTE\DESKTOP\ABSTRACT\ABSTRACT\DEBUG\MAIN2.OBJ
C:\Users\vincentTE\Desktop\Abstract\Abstract\Debug\mt.command.1.tlog
C:\Users\vincentTE\Desktop\Abstract\Abstract\Debug\mt.read.1.tlog
C:\Users\vincentTE\Desktop\Abstract\Abstract\Debug\mt.write.1.tlog
C:\Users\vincentTE\Desktop\Abstract\Abstract\Debug\rc.command.1.tlog
C:\Users\vincentTE\Desktop\Abstract\Abstract\Debug\rc.read.1.tlog
C:\Users\vincentTE\Desktop\Abstract\Abstract\Debug\rc.write.1.tlog
C:\Users\vincentTE\Desktop\Abstract\Abstract\Debug\vc100.idb
C:\USERS\VINCENTTE\DESKTOP\ABSTRACT\ABSTRACT\DEBUG\VC100.PDB
C:\USERS\VINCENTTE\DESKTOP\ABSTRACT\ABSTRACT\DEBUG\WINDOWSDYNLIB.OBJ
C:\USERS\VINCENTTE\DESKTOP\ABSTRACT\DEBUG\ABSTRACT.EXE
C:\USERS\VINCENTTE\DESKTOP\ABSTRACT\DEBUG\ABSTRACT.ILK
C:\USERS\VINCENTTE\DESKTOP\ABSTRACT\DEBUG\ABSTRACT.PDB
C:\USERS\VINCENTTE\DOCUMENTS\VISUAL STUDIO 2010\PROJECTS\ABSTRACT\ABSTRACT\DEBUG\ABSTRACT.EXE.EMBED.MANIFEST
C:\USERS\VINCENTTE\DOCUMENTS\VISUAL STUDIO 2010\PROJECTS\ABSTRACT\ABSTRACT\DEBUG\ABSTRACT.EXE.EMBED.MANIFEST.RES
C:\USERS\VINCENTTE\DOCUMENTS\VISUAL STUDIO 2010\PROJECTS\ABSTRACT\ABSTRACT\DEBUG\ABSTRACT.EXE.INTERMEDIATE.MANIFEST
C:\USERS\VINCENTTE\DOCUMENTS\VISUAL STUDIO 2010\PROJECTS\ABSTRACT\ABSTRACT\DEBUG\LINUXDYNLIB.OBJ
C:\USERS\VINCENTTE\DOCUMENTS\VISUAL STUDIO 2010\PROJECTS\ABSTRACT\ABSTRACT\DEBUG\MAIN2.OBJ
C:\USERS\VINCENTTE\DOCUMENTS\VISUAL STUDIO 2010\PROJECTS\ABSTRACT\ABSTRACT\DEBUG\VC100.PDB
C:\USERS\VINCENTTE\DOCUMENTS\VISUAL STUDIO 2010\PROJECTS\ABSTRACT\ABSTRACT\DEBUG\WINDOWSDYNLIB.OBJ
C:\USERS\VINCENTTE\DOCUMENTS\VISUAL STUDIO 2010\PROJECTS\ABSTRACT\DEBUG\ABSTRACT.EXE
C:\USERS\VINCENTTE\DOCUMENTS\VISUAL STUDIO 2010\PROJECTS\ABSTRACT\DEBUG\ABSTRACT.ILK
C:\USERS\VINCENTTE\DOCUMENTS\VISUAL STUDIO 2010\PROJECTS\ABSTRACT\DEBUG\ABSTRACT.PDB
